app/build/intermediates/manifest_merge_blame_file/release/manifest-merger-blame-release-report.txt
1<?xml version="1.0" encoding="utf-8"?>
2<manifest xmlns:android="http://schemas.android.com/apk/res/android"
3    package="appinventor.ai_andres_piegari.TeEscuchoDCH6j"
4    android:versionCode="2"
5    android:versionName="2.0" >
6
7    <uses-sdk
8        android:minSdkVersion="21"
8-->src/main/AndroidManifest.xml
9        android:targetSdkVersion="29" />
9-->src/main/AndroidManifest.xml
10
11    <uses-permission android:name="android.permission.RECORD_AUDIO" />
11-->src/main/AndroidManifest.xml:6:5-71
11-->src/main/AndroidManifest.xml:6:22-68
12    <uses-permission android:name="android.permission.VIBRATE" />
12-->src/main/AndroidManifest.xml:7:5-66
12-->src/main/AndroidManifest.xml:7:22-63
13
14    <application
14-->src/main/AndroidManifest.xml:9:5-33:19
15        android:allowBackup="false"
15-->src/main/AndroidManifest.xml:10:9-36
16        android:appComponentFactory="androidx.core.app.CoreComponentFactory"
16-->[androidx.core:core:1.1.0] AndroidManifest.xml:24:18-86
17        android:icon="@drawable/icono"
17-->src/main/AndroidManifest.xml:11:9-39
18        android:label="Tescucho" >
18-->src/main/AndroidManifest.xml:12:9-33
19        <activity
19-->src/main/AndroidManifest.xml:13:9-17:20
20            android:name="appinventor.ai_andres_piegari.TeEscuchoDCH6j.Configuracion"
20-->src/main/AndroidManifest.xml:14:13-86
21            android:label="@string/title_activity_configuracion" >
21-->src/main/AndroidManifest.xml:15:13-65
22        </activity>
23        <activity android:name="appinventor.ai_andres_piegari.TeEscuchoDCH6j.Inicio" >
23-->src/main/AndroidManifest.xml:18:9-23:20
23-->src/main/AndroidManifest.xml:18:19-85
24            <intent-filter>
24-->src/main/AndroidManifest.xml:19:13-22:29
25                <action android:name="android.intent.action.MAIN" />
25-->src/main/AndroidManifest.xml:20:17-69
25-->src/main/AndroidManifest.xml:20:25-66
26
27                <category android:name="android.intent.category.LAUNCHER" />
27-->src/main/AndroidManifest.xml:21:17-77
27-->src/main/AndroidManifest.xml:21:27-74
28            </intent-filter>
29        </activity>
30        <activity
30-->src/main/AndroidManifest.xml:24:9-28:20
31            android:name="appinventor.ai_andres_piegari.TeEscuchoDCH6j.Clasico"
31-->src/main/AndroidManifest.xml:25:13-80
32            android:label="TESCUCHO - SECUENCIAL" >
32-->src/main/AndroidManifest.xml:26:13-50
33        </activity>
34        <activity
34-->src/main/AndroidManifest.xml:29:9-32:20
35            android:name="appinventor.ai_andres_piegari.TeEscuchoDCH6j.KaldiActivity"
35-->src/main/AndroidManifest.xml:30:13-86
36            android:label="TESCUCHO - CONTINUO" >
36-->src/main/AndroidManifest.xml:31:13-48
37        </activity>
38    </application>
39
40</manifest>